running egg_info
creating ../../build/robotic_arm_gazebo/robotic_arm_gazebo.egg-info
writing ../../build/robotic_arm_gazebo/robotic_arm_gazebo.egg-info/PKG-INFO
writing dependency_links to ../../build/robotic_arm_gazebo/robotic_arm_gazebo.egg-info/dependency_links.txt
writing entry points to ../../build/robotic_arm_gazebo/robotic_arm_gazebo.egg-info/entry_points.txt
writing requirements to ../../build/robotic_arm_gazebo/robotic_arm_gazebo.egg-info/requires.txt
writing top-level names to ../../build/robotic_arm_gazebo/robotic_arm_gazebo.egg-info/top_level.txt
writing manifest file '../../build/robotic_arm_gazebo/robotic_arm_gazebo.egg-info/SOURCES.txt'
reading manifest file '../../build/robotic_arm_gazebo/robotic_arm_gazebo.egg-info/SOURCES.txt'
writing manifest file '../../build/robotic_arm_gazebo/robotic_arm_gazebo.egg-info/SOURCES.txt'
running build
running build_py
creating /home/fadi/Documents/RoboticArmProject/gesture-control-robot/ros2_ws/build/robotic_arm_gazebo/build
creating /home/fadi/Documents/RoboticArmProject/gesture-control-robot/ros2_ws/build/robotic_arm_gazebo/build/lib
creating /home/fadi/Documents/RoboticArmProject/gesture-control-robot/ros2_ws/build/robotic_arm_gazebo/build/lib/robotic_arm_gazebo
copying robotic_arm_gazebo/control_node.py -> /home/fadi/Documents/RoboticArmProject/gesture-control-robot/ros2_ws/build/robotic_arm_gazebo/build/lib/robotic_arm_gazebo
copying robotic_arm_gazebo/__init__.py -> /home/fadi/Documents/RoboticArmProject/gesture-control-robot/ros2_ws/build/robotic_arm_gazebo/build/lib/robotic_arm_gazebo
running install
running install_lib
creating /home/fadi/Documents/RoboticArmProject/gesture-control-robot/ros2_ws/install/robotic_arm_gazebo/lib/python3.12/site-packages/robotic_arm_gazebo
copying /home/fadi/Documents/RoboticArmProject/gesture-control-robot/ros2_ws/build/robotic_arm_gazebo/build/lib/robotic_arm_gazebo/control_node.py -> /home/fadi/Documents/RoboticArmProject/gesture-control-robot/ros2_ws/install/robotic_arm_gazebo/lib/python3.12/site-packages/robotic_arm_gazebo
copying /home/fadi/Documents/RoboticArmProject/gesture-control-robot/ros2_ws/build/robotic_arm_gazebo/build/lib/robotic_arm_gazebo/__init__.py -> /home/fadi/Documents/RoboticArmProject/gesture-control-robot/ros2_ws/install/robotic_arm_gazebo/lib/python3.12/site-packages/robotic_arm_gazebo
byte-compiling /home/fadi/Documents/RoboticArmProject/gesture-control-robot/ros2_ws/install/robotic_arm_gazebo/lib/python3.12/site-packages/robotic_arm_gazebo/control_node.py to control_node.cpython-312.pyc
byte-compiling /home/fadi/Documents/RoboticArmProject/gesture-control-robot/ros2_ws/install/robotic_arm_gazebo/lib/python3.12/site-packages/robotic_arm_gazebo/__init__.py to __init__.cpython-312.pyc
running install_data
creating /home/fadi/Documents/RoboticArmProject/gesture-control-robot/ros2_ws/install/robotic_arm_gazebo/share/ament_index
creating /home/fadi/Documents/RoboticArmProject/gesture-control-robot/ros2_ws/install/robotic_arm_gazebo/share/ament_index/resource_index
creating /home/fadi/Documents/RoboticArmProject/gesture-control-robot/ros2_ws/install/robotic_arm_gazebo/share/ament_index/resource_index/packages
copying resource/robotic_arm_gazebo -> /home/fadi/Documents/RoboticArmProject/gesture-control-robot/ros2_ws/install/robotic_arm_gazebo/share/ament_index/resource_index/packages
copying package.xml -> /home/fadi/Documents/RoboticArmProject/gesture-control-robot/ros2_ws/install/robotic_arm_gazebo/share/robotic_arm_gazebo
creating /home/fadi/Documents/RoboticArmProject/gesture-control-robot/ros2_ws/install/robotic_arm_gazebo/share/robotic_arm_gazebo/urdf
copying urdf/robotic_arm.urdf.xacro -> /home/fadi/Documents/RoboticArmProject/gesture-control-robot/ros2_ws/install/robotic_arm_gazebo/share/robotic_arm_gazebo/urdf
creating /home/fadi/Documents/RoboticArmProject/gesture-control-robot/ros2_ws/install/robotic_arm_gazebo/share/robotic_arm_gazebo/meshes
creating /home/fadi/Documents/RoboticArmProject/gesture-control-robot/ros2_ws/install/robotic_arm_gazebo/share/robotic_arm_gazebo/launch
copying launch/spawn_robot.launch -> /home/fadi/Documents/RoboticArmProject/gesture-control-robot/ros2_ws/install/robotic_arm_gazebo/share/robotic_arm_gazebo/launch
running install_egg_info
Copying ../../build/robotic_arm_gazebo/robotic_arm_gazebo.egg-info to /home/fadi/Documents/RoboticArmProject/gesture-control-robot/ros2_ws/install/robotic_arm_gazebo/lib/python3.12/site-packages/robotic_arm_gazebo-0.0.0-py3.12.egg-info
running install_scripts
Installing control_node script to /home/fadi/Documents/RoboticArmProject/gesture-control-robot/ros2_ws/install/robotic_arm_gazebo/lib/robotic_arm_gazebo
writing list of installed files to '/home/fadi/Documents/RoboticArmProject/gesture-control-robot/ros2_ws/build/robotic_arm_gazebo/install.log'
