[1.621s] Invoking command in '/home/fadi/Documents/RoboticArmProject/gesture-control-robot/ros2_ws/src/robotic_arm_gazebo': DEBUGINFOD_URLS=https://debuginfod.ubuntu.com PYTHONPATH=/home/fadi/Documents/RoboticArmProject/gesture-control-robot/ros2_ws/build/robotic_arm_gazebo/prefix_override:/usr/lib/python3/dist-packages/colcon_core/task/python/colcon_distutils_commands:/home/fadi/Documents/RoboticArmProject/gesture-control-robot/ros2_ws/install/robotic_arm_gazebo/lib/python3.12/site-packages:${PYTHONPATH} /usr/bin/python3 -W ignore:setup.py install is deprecated -W ignore:easy_install command is deprecated setup.py egg_info --egg-base ../../build/robotic_arm_gazebo build --build-base /home/fadi/Documents/RoboticArmProject/gesture-control-robot/ros2_ws/build/robotic_arm_gazebo/build install --record /home/fadi/Documents/RoboticArmProject/gesture-control-robot/ros2_ws/build/robotic_arm_gazebo/install.log --single-version-externally-managed install_data
[2.046s] running egg_info
[2.048s] creating ../../build/robotic_arm_gazebo/robotic_arm_gazebo.egg-info
[2.076s] writing ../../build/robotic_arm_gazebo/robotic_arm_gazebo.egg-info/PKG-INFO
[2.076s] writing dependency_links to ../../build/robotic_arm_gazebo/robotic_arm_gazebo.egg-info/dependency_links.txt
[2.076s] writing entry points to ../../build/robotic_arm_gazebo/robotic_arm_gazebo.egg-info/entry_points.txt
[2.077s] writing requirements to ../../build/robotic_arm_gazebo/robotic_arm_gazebo.egg-info/requires.txt
[2.077s] writing top-level names to ../../build/robotic_arm_gazebo/robotic_arm_gazebo.egg-info/top_level.txt
[2.077s] writing manifest file '../../build/robotic_arm_gazebo/robotic_arm_gazebo.egg-info/SOURCES.txt'
[2.142s] reading manifest file '../../build/robotic_arm_gazebo/robotic_arm_gazebo.egg-info/SOURCES.txt'
[2.142s] writing manifest file '../../build/robotic_arm_gazebo/robotic_arm_gazebo.egg-info/SOURCES.txt'
[2.142s] running build
[2.143s] running build_py
[2.143s] creating /home/fadi/Documents/RoboticArmProject/gesture-control-robot/ros2_ws/build/robotic_arm_gazebo/build
[2.143s] creating /home/fadi/Documents/RoboticArmProject/gesture-control-robot/ros2_ws/build/robotic_arm_gazebo/build/lib
[2.143s] creating /home/fadi/Documents/RoboticArmProject/gesture-control-robot/ros2_ws/build/robotic_arm_gazebo/build/lib/robotic_arm_gazebo
[2.144s] copying robotic_arm_gazebo/control_node.py -> /home/fadi/Documents/RoboticArmProject/gesture-control-robot/ros2_ws/build/robotic_arm_gazebo/build/lib/robotic_arm_gazebo
[2.144s] copying robotic_arm_gazebo/__init__.py -> /home/fadi/Documents/RoboticArmProject/gesture-control-robot/ros2_ws/build/robotic_arm_gazebo/build/lib/robotic_arm_gazebo
[2.144s] running install
[2.155s] running install_lib
[2.182s] creating /home/fadi/Documents/RoboticArmProject/gesture-control-robot/ros2_ws/install/robotic_arm_gazebo/lib/python3.12/site-packages/robotic_arm_gazebo
[2.183s] copying /home/fadi/Documents/RoboticArmProject/gesture-control-robot/ros2_ws/build/robotic_arm_gazebo/build/lib/robotic_arm_gazebo/control_node.py -> /home/fadi/Documents/RoboticArmProject/gesture-control-robot/ros2_ws/install/robotic_arm_gazebo/lib/python3.12/site-packages/robotic_arm_gazebo
[2.183s] copying /home/fadi/Documents/RoboticArmProject/gesture-control-robot/ros2_ws/build/robotic_arm_gazebo/build/lib/robotic_arm_gazebo/__init__.py -> /home/fadi/Documents/RoboticArmProject/gesture-control-robot/ros2_ws/install/robotic_arm_gazebo/lib/python3.12/site-packages/robotic_arm_gazebo
[2.184s] byte-compiling /home/fadi/Documents/RoboticArmProject/gesture-control-robot/ros2_ws/install/robotic_arm_gazebo/lib/python3.12/site-packages/robotic_arm_gazebo/control_node.py to control_node.cpython-312.pyc
[2.184s] byte-compiling /home/fadi/Documents/RoboticArmProject/gesture-control-robot/ros2_ws/install/robotic_arm_gazebo/lib/python3.12/site-packages/robotic_arm_gazebo/__init__.py to __init__.cpython-312.pyc
[2.184s] running install_data
[2.185s] creating /home/fadi/Documents/RoboticArmProject/gesture-control-robot/ros2_ws/install/robotic_arm_gazebo/share/ament_index
[2.185s] creating /home/fadi/Documents/RoboticArmProject/gesture-control-robot/ros2_ws/install/robotic_arm_gazebo/share/ament_index/resource_index
[2.185s] creating /home/fadi/Documents/RoboticArmProject/gesture-control-robot/ros2_ws/install/robotic_arm_gazebo/share/ament_index/resource_index/packages
[2.185s] copying resource/robotic_arm_gazebo -> /home/fadi/Documents/RoboticArmProject/gesture-control-robot/ros2_ws/install/robotic_arm_gazebo/share/ament_index/resource_index/packages
[2.186s] copying package.xml -> /home/fadi/Documents/RoboticArmProject/gesture-control-robot/ros2_ws/install/robotic_arm_gazebo/share/robotic_arm_gazebo
[2.186s] creating /home/fadi/Documents/RoboticArmProject/gesture-control-robot/ros2_ws/install/robotic_arm_gazebo/share/robotic_arm_gazebo/urdf
[2.186s] copying urdf/robotic_arm.urdf.xacro -> /home/fadi/Documents/RoboticArmProject/gesture-control-robot/ros2_ws/install/robotic_arm_gazebo/share/robotic_arm_gazebo/urdf
[2.186s] creating /home/fadi/Documents/RoboticArmProject/gesture-control-robot/ros2_ws/install/robotic_arm_gazebo/share/robotic_arm_gazebo/meshes
[2.186s] creating /home/fadi/Documents/RoboticArmProject/gesture-control-robot/ros2_ws/install/robotic_arm_gazebo/share/robotic_arm_gazebo/launch
[2.187s] copying launch/spawn_robot.launch -> /home/fadi/Documents/RoboticArmProject/gesture-control-robot/ros2_ws/install/robotic_arm_gazebo/share/robotic_arm_gazebo/launch
[2.187s] running install_egg_info
[2.221s] Copying ../../build/robotic_arm_gazebo/robotic_arm_gazebo.egg-info to /home/fadi/Documents/RoboticArmProject/gesture-control-robot/ros2_ws/install/robotic_arm_gazebo/lib/python3.12/site-packages/robotic_arm_gazebo-0.0.0-py3.12.egg-info
[2.221s] running install_scripts
[2.471s] Installing control_node script to /home/fadi/Documents/RoboticArmProject/gesture-control-robot/ros2_ws/install/robotic_arm_gazebo/lib/robotic_arm_gazebo
[2.472s] writing list of installed files to '/home/fadi/Documents/RoboticArmProject/gesture-control-robot/ros2_ws/build/robotic_arm_gazebo/install.log'
[2.513s] Invoked command in '/home/fadi/Documents/RoboticArmProject/gesture-control-robot/ros2_ws/src/robotic_arm_gazebo' returned '0': DEBUGINFOD_URLS=https://debuginfod.ubuntu.com PYTHONPATH=/home/fadi/Documents/RoboticArmProject/gesture-control-robot/ros2_ws/build/robotic_arm_gazebo/prefix_override:/usr/lib/python3/dist-packages/colcon_core/task/python/colcon_distutils_commands:/home/fadi/Documents/RoboticArmProject/gesture-control-robot/ros2_ws/install/robotic_arm_gazebo/lib/python3.12/site-packages:${PYTHONPATH} /usr/bin/python3 -W ignore:setup.py install is deprecated -W ignore:easy_install command is deprecated setup.py egg_info --egg-base ../../build/robotic_arm_gazebo build --build-base /home/fadi/Documents/RoboticArmProject/gesture-control-robot/ros2_ws/build/robotic_arm_gazebo/build install --record /home/fadi/Documents/RoboticArmProject/gesture-control-robot/ros2_ws/build/robotic_arm_gazebo/install.log --single-version-externally-managed install_data
