running egg_info
writing ../../build/robotic_arm_gazebo/robotic_arm_gazebo.egg-info/PKG-INFO
writing dependency_links to ../../build/robotic_arm_gazebo/robotic_arm_gazebo.egg-info/dependency_links.txt
writing entry points to ../../build/robotic_arm_gazebo/robotic_arm_gazebo.egg-info/entry_points.txt
writing requirements to ../../build/robotic_arm_gazebo/robotic_arm_gazebo.egg-info/requires.txt
writing top-level names to ../../build/robotic_arm_gazebo/robotic_arm_gazebo.egg-info/top_level.txt
reading manifest file '../../build/robotic_arm_gazebo/robotic_arm_gazebo.egg-info/SOURCES.txt'
writing manifest file '../../build/robotic_arm_gazebo/robotic_arm_gazebo.egg-info/SOURCES.txt'
running build
running build_py
running install
running install_lib
running install_data
copying launch/spawn_robot.launch.py -> /home/fadi/Documents/RoboticArmProject/gesture-control-robot/ros2_ws/install/robotic_arm_gazebo/share/robotic_arm_gazebo/launch
running install_egg_info
removing '/home/fadi/Documents/RoboticArmProject/gesture-control-robot/ros2_ws/install/robotic_arm_gazebo/lib/python3.12/site-packages/robotic_arm_gazebo-0.0.0-py3.12.egg-info' (and everything under it)
Copying ../../build/robotic_arm_gazebo/robotic_arm_gazebo.egg-info to /home/fadi/Documents/RoboticArmProject/gesture-control-robot/ros2_ws/install/robotic_arm_gazebo/lib/python3.12/site-packages/robotic_arm_gazebo-0.0.0-py3.12.egg-info
running install_scripts
Installing control_node script to /home/fadi/Documents/RoboticArmProject/gesture-control-robot/ros2_ws/install/robotic_arm_gazebo/lib/robotic_arm_gazebo
writing list of installed files to '/home/fadi/Documents/RoboticArmProject/gesture-control-robot/ros2_ws/build/robotic_arm_gazebo/install.log'
