[1.675s] Invoking command in '/home/fadi/Documents/RoboticArmProject/gesture-control-robot/ros2_ws/src/robotic_arm_gazebo': DEBUGINFOD_URLS=https://debuginfod.ubuntu.com PYTHONPATH=/home/fadi/Documents/RoboticArmProject/gesture-control-robot/ros2_ws/build/robotic_arm_gazebo/prefix_override:/usr/lib/python3/dist-packages/colcon_core/task/python/colcon_distutils_commands:/home/fadi/Documents/RoboticArmProject/gesture-control-robot/ros2_ws/install/robotic_arm_gazebo/lib/python3.12/site-packages:${PYTHONPATH} /usr/bin/python3 -W ignore:setup.py install is deprecated -W ignore:easy_install command is deprecated setup.py egg_info --egg-base ../../build/robotic_arm_gazebo build --build-base /home/fadi/Documents/RoboticArmProject/gesture-control-robot/ros2_ws/build/robotic_arm_gazebo/build install --record /home/fadi/Documents/RoboticArmProject/gesture-control-robot/ros2_ws/build/robotic_arm_gazebo/install.log --single-version-externally-managed install_data
[2.228s] running egg_info
[2.282s] writing ../../build/robotic_arm_gazebo/robotic_arm_gazebo.egg-info/PKG-INFO
[2.282s] writing dependency_links to ../../build/robotic_arm_gazebo/robotic_arm_gazebo.egg-info/dependency_links.txt
[2.283s] writing entry points to ../../build/robotic_arm_gazebo/robotic_arm_gazebo.egg-info/entry_points.txt
[2.283s] writing requirements to ../../build/robotic_arm_gazebo/robotic_arm_gazebo.egg-info/requires.txt
[2.283s] writing top-level names to ../../build/robotic_arm_gazebo/robotic_arm_gazebo.egg-info/top_level.txt
[2.362s] reading manifest file '../../build/robotic_arm_gazebo/robotic_arm_gazebo.egg-info/SOURCES.txt'
[2.367s] writing manifest file '../../build/robotic_arm_gazebo/robotic_arm_gazebo.egg-info/SOURCES.txt'
[2.367s] running build
[2.368s] running build_py
[2.368s] running install
[2.388s] running install_lib
[2.425s] running install_data
[2.425s] copying urdf/robotic_arm.urdf.xacro -> /home/fadi/Documents/RoboticArmProject/gesture-control-robot/ros2_ws/install/robotic_arm_gazebo/share/robotic_arm_gazebo/urdf
[2.427s] running install_egg_info
[2.468s] removing '/home/fadi/Documents/RoboticArmProject/gesture-control-robot/ros2_ws/install/robotic_arm_gazebo/lib/python3.12/site-packages/robotic_arm_gazebo-0.0.0-py3.12.egg-info' (and everything under it)
[2.469s] Copying ../../build/robotic_arm_gazebo/robotic_arm_gazebo.egg-info to /home/fadi/Documents/RoboticArmProject/gesture-control-robot/ros2_ws/install/robotic_arm_gazebo/lib/python3.12/site-packages/robotic_arm_gazebo-0.0.0-py3.12.egg-info
[2.470s] running install_scripts
[2.747s] Installing control_node script to /home/fadi/Documents/RoboticArmProject/gesture-control-robot/ros2_ws/install/robotic_arm_gazebo/lib/robotic_arm_gazebo
[2.749s] writing list of installed files to '/home/fadi/Documents/RoboticArmProject/gesture-control-robot/ros2_ws/build/robotic_arm_gazebo/install.log'
[2.798s] Invoked command in '/home/fadi/Documents/RoboticArmProject/gesture-control-robot/ros2_ws/src/robotic_arm_gazebo' returned '0': DEBUGINFOD_URLS=https://debuginfod.ubuntu.com PYTHONPATH=/home/fadi/Documents/RoboticArmProject/gesture-control-robot/ros2_ws/build/robotic_arm_gazebo/prefix_override:/usr/lib/python3/dist-packages/colcon_core/task/python/colcon_distutils_commands:/home/fadi/Documents/RoboticArmProject/gesture-control-robot/ros2_ws/install/robotic_arm_gazebo/lib/python3.12/site-packages:${PYTHONPATH} /usr/bin/python3 -W ignore:setup.py install is deprecated -W ignore:easy_install command is deprecated setup.py egg_info --egg-base ../../build/robotic_arm_gazebo build --build-base /home/fadi/Documents/RoboticArmProject/gesture-control-robot/ros2_ws/build/robotic_arm_gazebo/build install --record /home/fadi/Documents/RoboticArmProject/gesture-control-robot/ros2_ws/build/robotic_arm_gazebo/install.log --single-version-externally-managed install_data
