[1.360s] Invoking command in '/home/fadi/Documents/RoboticArmProject/gesture-control-robot/ros2_ws/src/robotic_arm_gazebo': DEBUGINFOD_URLS=https://debuginfod.ubuntu.com PYTHONPATH=/home/fadi/Documents/RoboticArmProject/gesture-control-robot/ros2_ws/build/robotic_arm_gazebo/prefix_override:/usr/lib/python3/dist-packages/colcon_core/task/python/colcon_distutils_commands:/home/fadi/Documents/RoboticArmProject/gesture-control-robot/ros2_ws/install/robotic_arm_gazebo/lib/python3.12/site-packages:${PYTHONPATH} /usr/bin/python3 -W ignore:setup.py install is deprecated -W ignore:easy_install command is deprecated setup.py egg_info --egg-base ../../build/robotic_arm_gazebo build --build-base /home/fadi/Documents/RoboticArmProject/gesture-control-robot/ros2_ws/build/robotic_arm_gazebo/build install --record /home/fadi/Documents/RoboticArmProject/gesture-control-robot/ros2_ws/build/robotic_arm_gazebo/install.log --single-version-externally-managed install_data
[1.805s] running egg_info
[1.845s] writing ../../build/robotic_arm_gazebo/robotic_arm_gazebo.egg-info/PKG-INFO
[1.847s] writing dependency_links to ../../build/robotic_arm_gazebo/robotic_arm_gazebo.egg-info/dependency_links.txt
[1.848s] writing entry points to ../../build/robotic_arm_gazebo/robotic_arm_gazebo.egg-info/entry_points.txt
[1.848s] writing requirements to ../../build/robotic_arm_gazebo/robotic_arm_gazebo.egg-info/requires.txt
[1.848s] writing top-level names to ../../build/robotic_arm_gazebo/robotic_arm_gazebo.egg-info/top_level.txt
[1.920s] reading manifest file '../../build/robotic_arm_gazebo/robotic_arm_gazebo.egg-info/SOURCES.txt'
[1.920s] writing manifest file '../../build/robotic_arm_gazebo/robotic_arm_gazebo.egg-info/SOURCES.txt'
[1.920s] running build
[1.920s] running build_py
[1.920s] running install
[1.931s] running install_lib
[1.978s] running install_data
[1.979s] copying package.xml -> /home/fadi/Documents/RoboticArmProject/gesture-control-robot/ros2_ws/install/robotic_arm_gazebo/share/robotic_arm_gazebo
[1.979s] copying launch/spawn_robot.launch.py -> /home/fadi/Documents/RoboticArmProject/gesture-control-robot/ros2_ws/install/robotic_arm_gazebo/share/robotic_arm_gazebo/launch
[1.980s] running install_egg_info
[2.019s] removing '/home/fadi/Documents/RoboticArmProject/gesture-control-robot/ros2_ws/install/robotic_arm_gazebo/lib/python3.12/site-packages/robotic_arm_gazebo-0.0.0-py3.12.egg-info' (and everything under it)
[2.020s] Copying ../../build/robotic_arm_gazebo/robotic_arm_gazebo.egg-info to /home/fadi/Documents/RoboticArmProject/gesture-control-robot/ros2_ws/install/robotic_arm_gazebo/lib/python3.12/site-packages/robotic_arm_gazebo-0.0.0-py3.12.egg-info
[2.020s] running install_scripts
[2.233s] Installing control_node script to /home/fadi/Documents/RoboticArmProject/gesture-control-robot/ros2_ws/install/robotic_arm_gazebo/lib/robotic_arm_gazebo
[2.234s] writing list of installed files to '/home/fadi/Documents/RoboticArmProject/gesture-control-robot/ros2_ws/build/robotic_arm_gazebo/install.log'
[2.288s] Invoked command in '/home/fadi/Documents/RoboticArmProject/gesture-control-robot/ros2_ws/src/robotic_arm_gazebo' returned '0': DEBUGINFOD_URLS=https://debuginfod.ubuntu.com PYTHONPATH=/home/fadi/Documents/RoboticArmProject/gesture-control-robot/ros2_ws/build/robotic_arm_gazebo/prefix_override:/usr/lib/python3/dist-packages/colcon_core/task/python/colcon_distutils_commands:/home/fadi/Documents/RoboticArmProject/gesture-control-robot/ros2_ws/install/robotic_arm_gazebo/lib/python3.12/site-packages:${PYTHONPATH} /usr/bin/python3 -W ignore:setup.py install is deprecated -W ignore:easy_install command is deprecated setup.py egg_info --egg-base ../../build/robotic_arm_gazebo build --build-base /home/fadi/Documents/RoboticArmProject/gesture-control-robot/ros2_ws/build/robotic_arm_gazebo/build install --record /home/fadi/Documents/RoboticArmProject/gesture-control-robot/ros2_ws/build/robotic_arm_gazebo/install.log --single-version-externally-managed install_data
